<?xml version="1.0" encoding="UTF-8"?>
<!-- Generated by org.testng.reporters.JUnitReportReporter -->
<testsuite hostname="LAPTOP-411MGVBP" failures="0" tests="3" name="com.ubs.wmautomation.testcases.Users_APITests" time="0.002" errors="0" timestamp="2025-03-12T10:22:52 IST" skipped="0">
  <testcase classname="com.ubs.wmautomation.testcases.Users_APITests" name="ModifyUser_UpdateCall_Testcase" time="0.001"/>
  <testcase classname="com.ubs.wmautomation.testcases.Users_APITests" name="AddUser_GetCall_Testcase" time="0.001"/>
  <testcase classname="com.ubs.wmautomation.testcases.Users_APITests" name="addUser_Testcase" time="0.000"/>
</testsuite> <!-- com.ubs.wmautomation.testcases.Users_APITests -->
