<?xml version="1.0" encoding="UTF-8"?>
<!-- Generated by org.testng.reporters.JUnitReportReporter -->
<testsuite hostname="LAPTOP-411MGVBP" failures="0" tests="2" name="com.ubs.wmautomation.testcases.Register_User" time="27.061" errors="0" timestamp="2025-03-09T17:36:11 IST" skipped="0">
  <testcase classname="com.ubs.wmautomation.testcases.Register_User" name="Update_Existing_User_Testcase" time="6.649"/>
  <testcase classname="com.ubs.wmautomation.testcases.Register_User" name="Add_New_User_Testcase" time="20.412"/>
</testsuite> <!-- com.ubs.wmautomation.testcases.Register_User -->
