<?xml version="1.0" encoding="UTF-8"?>
<!-- Generated by org.testng.reporters.JUnitReportReporter -->
<testsuite hostname="LAPTOP-411MGVBP" failures="0" tests="2" name="com.ubs.wmautomation.testcases.Register_User" time="31.081" errors="0" timestamp="2025-03-12T10:22:51 IST" skipped="0">
  <testcase classname="com.ubs.wmautomation.testcases.Register_User" name="Update_Existing_User_Testcase" time="7.408"/>
  <testcase classname="com.ubs.wmautomation.testcases.Register_User" name="Add_New_User_Testcase" time="23.673"/>
</testsuite> <!-- com.ubs.wmautomation.testcases.Register_User -->
