<?xml version="1.0" encoding="UTF-8"?>
<!-- Generated by org.testng.reporters.JUnitReportReporter -->
<testsuite hostname="LAPTOP-411MGVBP" failures="0" tests="1" name="com.ubs.wmautomation.testcases.Books_API_Tests" time="8.220" errors="0" timestamp="2025-03-16T22:39:05 IST" skipped="0">
  <testcase classname="com.ubs.wmautomation.testcases.Books_API_Tests" name="Post_Call_Testcase" time="8.220"/>
</testsuite> <!-- com.ubs.wmautomation.testcases.Books_API_Tests -->
