<?xml version="1.0" encoding="UTF-8"?>
<!-- Generated by org.testng.reporters.JUnitReportReporter -->
<testsuite hostname="LAPTOP-411MGVBP" failures="0" tests="2" name="com.ubs.wmautomation.testcases.Books_API_Tests" time="10.735" errors="0" timestamp="2025-03-16T22:52:02 IST" skipped="0">
  <testcase classname="com.ubs.wmautomation.testcases.Books_API_Tests" name="Post_Call_Testcase" time="6.907"/>
  <testcase classname="com.ubs.wmautomation.testcases.Books_API_Tests" name="Validate_Books_Title_Testcase" time="3.828"/>
</testsuite> <!-- com.ubs.wmautomation.testcases.Books_API_Tests -->
