<?xml version="1.0" encoding="UTF-8"?>
<!-- Generated by org.testng.reporters.JUnitReportReporter -->
<testsuite hostname="LAPTOP-411MGVBP" failures="0" tests="1" name="com.ubs.wmautomation.testcases.Users_APITests" time="4.478" errors="0" timestamp="2025-03-16T21:44:08 IST" skipped="0">
  <testcase classname="com.ubs.wmautomation.testcases.Users_APITests" name="addUser_Testcase" time="4.478"/>
</testsuite> <!-- com.ubs.wmautomation.testcases.Users_APITests -->
