<?xml version="1.0" encoding="UTF-8"?>
<!-- Generated by org.testng.reporters.JUnitReportReporter -->
<testsuite hostname="LAPTOP-411MGVBP" failures="0" tests="3" name="com.ubs.wmautomation.testcases.UserMgmt_APITests" time="2.082" errors="0" timestamp="2025-03-16T22:52:02 IST" skipped="0">
  <testcase classname="com.ubs.wmautomation.testcases.UserMgmt_APITests" name="ModifyUser_UpdateCall_Testcase" time="0.019"/>
  <testcase classname="com.ubs.wmautomation.testcases.UserMgmt_APITests" name="AddUser_GetCall_Testcase" time="0.036"/>
  <testcase classname="com.ubs.wmautomation.testcases.UserMgmt_APITests" name="addUser_Testcase" time="2.027"/>
</testsuite> <!-- com.ubs.wmautomation.testcases.UserMgmt_APITests -->
